[2019-12-15T19:03:58.658] [DEBUG] cheese - login => username:admin,password:123456
[2019-12-15T19:03:58.660] [DEBUG] cheese - admin
[2019-12-15T19:03:58.787] [DEBUG] cheese - null
[2019-12-15T19:03:58.788] [DEBUG] cheese - null
[2019-12-15T20:11:29.441] [DEBUG] cheese - login => username:admin,password:123456
[2019-12-15T20:11:29.442] [DEBUG] cheese - admin
[2019-12-15T20:11:29.449] [DEBUG] cheese - null
[2019-12-15T20:11:29.449] [DEBUG] cheese - null
[2019-12-16T10:06:50.209] [DEBUG] cheese - login => username:admin,password:123456
[2019-12-16T10:06:50.210] [DEBUG] cheese - admin
[2019-12-16T10:06:50.213] [DEBUG] cheese - null
[2019-12-16T10:06:50.214] [DEBUG] cheese - null
[2019-12-16T10:22:18.494] [DEBUG] cheese - login => username:admin,password:123456
[2019-12-16T10:22:18.495] [DEBUG] cheese - admin
[2019-12-16T10:22:18.498] [DEBUG] cheese - null
[2019-12-16T10:22:18.498] [DEBUG] cheese - null
[2019-12-16T10:23:41.257] [DEBUG] cheese - login => username:admin,password:123456
[2019-12-16T10:23:41.258] [DEBUG] cheese - admin
[2019-12-16T10:23:41.261] [DEBUG] cheese - null
[2019-12-16T10:23:41.262] [DEBUG] cheese - null
[2019-12-16T15:25:49.613] [DEBUG] cheese - null
[2019-12-16T15:26:19.270] [DEBUG] cheese - null
[2019-12-16T15:28:25.793] [DEBUG] cheese - null
[2019-12-16T15:30:41.689] [DEBUG] cheese - null
[2019-12-16T20:12:59.623] [DEBUG] cheese - login => username:admin,password:123456
[2019-12-16T20:12:59.628] [DEBUG] cheese - admin
[2019-12-16T20:12:59.794] [DEBUG] cheese - null
[2019-12-16T20:12:59.795] [DEBUG] cheese - null
[2019-12-16T22:19:37.755] [DEBUG] cheese - login => username:admin,password:123456
[2019-12-16T22:19:37.755] [DEBUG] cheese - admin
[2019-12-16T22:19:37.971] [DEBUG] cheese - null
[2019-12-16T22:19:37.971] [DEBUG] cheese - null
[2019-12-17T18:45:34.283] [DEBUG] cheese - login => username:admin,password:123456
[2019-12-17T18:45:34.283] [DEBUG] cheese - admin
[2019-12-17T18:45:34.288] [DEBUG] cheese - null
[2019-12-17T18:45:34.288] [DEBUG] cheese - null
[2019-12-17T21:33:19.495] [DEBUG] cheese - login => username:admin,password:123456
[2019-12-17T21:33:19.496] [DEBUG] cheese - admin
[2019-12-17T21:33:19.498] [DEBUG] cheese - null
[2019-12-17T21:33:19.498] [DEBUG] cheese - null
[2019-12-19T11:47:32.830] [DEBUG] cheese - login => username:admin,password:123456
[2019-12-19T11:47:32.835] [DEBUG] cheese - admin
[2019-12-19T11:47:33.132] [DEBUG] cheese - null
[2019-12-19T11:47:33.132] [DEBUG] cheese - null
[2019-12-19T14:47:51.506] [DEBUG] cheese - login => username:admin,password:123456
[2019-12-19T14:47:51.511] [DEBUG] cheese - admin
[2019-12-19T14:47:51.521] [DEBUG] cheese - null
[2019-12-19T14:47:51.521] [DEBUG] cheese - null
[2019-12-19T16:25:30.987] [DEBUG] cheese - login => username:admin,password:123456
[2019-12-19T16:25:30.996] [DEBUG] cheese - admin
[2019-12-19T16:25:31.356] [DEBUG] cheese - null
[2019-12-19T16:25:31.357] [DEBUG] cheese - null
[2019-12-19T16:30:48.045] [DEBUG] cheese - login => username:admin,password:123456
[2019-12-19T16:30:48.045] [DEBUG] cheese - admin
[2019-12-19T16:30:48.048] [DEBUG] cheese - null
[2019-12-19T16:30:48.048] [DEBUG] cheese - null
[2019-12-19T21:35:02.503] [DEBUG] cheese - login => username:admin,password:123456
[2019-12-19T21:35:02.512] [DEBUG] cheese - admin
[2019-12-19T21:35:02.661] [DEBUG] cheese - null
[2019-12-19T21:35:02.661] [DEBUG] cheese - null
[2019-12-26T15:31:17.761] [DEBUG] cheese - login => username:admin,password:123456
[2019-12-26T15:31:17.763] [DEBUG] cheese - admin
[2019-12-26T15:31:17.866] [DEBUG] cheese - null
[2019-12-26T15:31:17.866] [DEBUG] cheese - null
[2019-12-26T15:50:37.958] [DEBUG] cheese - login => username:admin,password:123456
[2019-12-26T15:50:37.958] [DEBUG] cheese - admin
[2019-12-26T15:50:38.148] [DEBUG] cheese - null
[2019-12-26T15:50:38.149] [DEBUG] cheese - null
[2019-12-26T16:21:39.240] [DEBUG] cheese - login => username:admin,password:123456
[2019-12-26T16:21:39.240] [DEBUG] cheese - admin
[2019-12-26T16:21:39.635] [DEBUG] cheese - null
[2019-12-26T16:21:39.636] [DEBUG] cheese - null
[2019-12-28T17:37:38.604] [DEBUG] cheese - login => username:admin,password:123456
[2019-12-28T17:37:38.609] [DEBUG] cheese - admin
[2019-12-28T17:37:38.872] [DEBUG] cheese - null
[2019-12-28T17:37:38.873] [DEBUG] cheese - null
[2019-12-28T17:57:52.131] [DEBUG] cheese - login => username:admin,password:123456
[2019-12-28T17:57:52.133] [DEBUG] cheese - admin
[2019-12-28T17:57:52.356] [DEBUG] cheese - null
[2019-12-28T17:57:52.356] [DEBUG] cheese - null
[2019-12-28T17:58:23.405] [DEBUG] cheese - login => username:admin,password:123456
[2019-12-28T17:58:23.406] [DEBUG] cheese - admin
[2019-12-28T17:58:23.417] [DEBUG] cheese - null
[2019-12-28T17:58:23.417] [DEBUG] cheese - null
[2019-12-28T17:59:14.310] [DEBUG] cheese - login => username:admin,password:123456
[2019-12-28T17:59:14.310] [DEBUG] cheese - admin
[2019-12-28T17:59:14.323] [DEBUG] cheese - null
[2019-12-28T17:59:14.323] [DEBUG] cheese - null
[2019-12-28T17:59:19.893] [DEBUG] cheese - login => username:admin,password:123456
[2019-12-28T17:59:19.893] [DEBUG] cheese - admin
[2019-12-28T17:59:19.907] [DEBUG] cheese - null
[2019-12-28T17:59:19.907] [DEBUG] cheese - null
[2019-12-28T17:59:35.308] [DEBUG] cheese - login => username:admin,password:123456
[2019-12-28T17:59:35.308] [DEBUG] cheese - admin
[2019-12-28T17:59:35.310] [DEBUG] cheese - null
[2019-12-28T17:59:35.310] [DEBUG] cheese - null
[2019-12-28T18:00:48.567] [DEBUG] cheese - login => username:admin,password:123456
[2019-12-28T18:00:48.567] [DEBUG] cheese - admin
[2019-12-28T18:00:48.569] [DEBUG] cheese - null
[2019-12-28T18:00:48.569] [DEBUG] cheese - null
[2019-12-28T18:01:24.490] [DEBUG] cheese - login => username:admin,password:123456
[2019-12-28T18:01:24.490] [DEBUG] cheese - admin
[2019-12-28T18:01:24.492] [DEBUG] cheese - null
[2019-12-28T18:01:24.492] [DEBUG] cheese - null
[2019-12-28T18:01:57.428] [DEBUG] cheese - login => username:admin1,password:123456
[2019-12-28T18:01:57.428] [DEBUG] cheese - admin1
[2019-12-28T18:01:57.430] [DEBUG] cheese - null
[2019-12-28T18:01:57.430] [DEBUG] cheese - null
[2019-12-28T18:07:08.230] [DEBUG] cheese - login => username:admin1,password:123456
[2019-12-28T18:07:08.230] [DEBUG] cheese - admin1
[2019-12-28T18:07:08.232] [DEBUG] cheese - null
[2019-12-28T18:07:08.232] [DEBUG] cheese - null
[2019-12-28T18:07:12.632] [DEBUG] cheese - login => username:admin,password:123456
[2019-12-28T18:07:12.632] [DEBUG] cheese - admin
[2019-12-28T18:07:12.634] [DEBUG] cheese - null
[2019-12-28T18:07:12.634] [DEBUG] cheese - null
[2019-12-28T18:17:50.097] [DEBUG] cheese - login => username:admin,password:123456
[2019-12-28T18:17:50.097] [DEBUG] cheese - admin
[2019-12-28T18:17:50.099] [DEBUG] cheese - null
[2019-12-28T18:17:50.099] [DEBUG] cheese - null
[2019-12-28T18:43:05.913] [DEBUG] cheese - login => username:admin,password:123456
[2019-12-28T18:43:05.916] [DEBUG] cheese - admin
[2019-12-28T18:43:06.106] [DEBUG] cheese - null
[2019-12-28T18:43:06.106] [DEBUG] cheese - null
[2019-12-29T21:50:56.440] [DEBUG] cheese - login => username:qwe,password:123456
[2019-12-29T21:50:56.442] [DEBUG] cheese - qwe
[2019-12-29T21:50:56.703] [DEBUG] cheese - null
[2019-12-29T21:50:56.703] [DEBUG] cheese - null
[2019-12-29T21:52:20.790] [DEBUG] cheese - login => username:admin,password:123456
[2019-12-29T21:52:20.790] [DEBUG] cheese - admin
[2019-12-29T21:52:20.800] [DEBUG] cheese - null
[2019-12-29T21:52:20.800] [DEBUG] cheese - null
[2019-12-29T21:53:33.335] [DEBUG] cheese - login => username:admin,password:123456
[2019-12-29T21:53:33.335] [DEBUG] cheese - admin
[2019-12-29T21:53:33.337] [DEBUG] cheese - null
[2019-12-29T21:53:33.337] [DEBUG] cheese - null
[2019-12-29T22:19:02.056] [DEBUG] cheese - login => username:admin,password:123456
[2019-12-29T22:19:02.057] [DEBUG] cheese - admin
[2019-12-29T22:19:02.058] [DEBUG] cheese - null
[2019-12-29T22:19:02.058] [DEBUG] cheese - null
